<?xml version="1.0" encoding="UTF-8"?>
<robot generator="Robot 6.0.1 (Python 3.10.7 on win32)" generated="20221123 17:29:45.337" rpa="false" schemaversion="3">
<suite id="s1" name="ScriptrobotcorderDemo" source="c:\Users\Chafik\Desktop\robotframworkPOM\TestCases\ScriptrobotcorderDemo.robot">
<test id="s1-t1" name="OrangeHRM test" line="11">
<kw name="Open Browser" library="SeleniumLibrary">
<arg>https://opensource-demo.orangehrmlive.com/web/index.php/auth/login</arg>
<arg>${BROWSER}</arg>
<doc>Opens a new browser instance to the optional ``url``.</doc>
<msg timestamp="20221123 17:29:45.770" level="INFO">Opening browser 'chrome' to base url 'https://opensource-demo.orangehrmlive.com/web/index.php/auth/login'.</msg>
<status status="PASS" starttime="20221123 17:29:45.769" endtime="20221123 17:29:50.975"/>
</kw>
<kw name="Sleep" library="BuiltIn">
<arg>2</arg>
<doc>Pauses the test executed for the given time.</doc>
<msg timestamp="20221123 17:29:52.980" level="INFO">Slept 2 seconds</msg>
<status status="PASS" starttime="20221123 17:29:50.976" endtime="20221123 17:29:52.981"/>
</kw>
<kw name="Input Text" library="SeleniumLibrary">
<arg>name=username</arg>
<arg>Admin</arg>
<doc>Types the given ``text`` into the text field identified by ``locator``.</doc>
<msg timestamp="20221123 17:29:52.987" level="INFO">Typing text 'Admin' into text field 'name=username'.</msg>
<status status="PASS" starttime="20221123 17:29:52.986" endtime="20221123 17:29:53.133"/>
</kw>
<kw name="Input Password" library="SeleniumLibrary">
<arg>name=password</arg>
<arg>admin123</arg>
<doc>Types the given password into the text field identified by ``locator``.</doc>
<msg timestamp="20221123 17:29:53.135" level="INFO">Typing password into text field 'name=password'.</msg>
<msg timestamp="20221123 17:29:53.242" level="INFO">Temporally setting log level to: NONE</msg>
<msg timestamp="20221123 17:29:53.331" level="INFO">Log level changed from NONE to INFO.</msg>
<status status="PASS" starttime="20221123 17:29:53.134" endtime="20221123 17:29:53.332"/>
</kw>
<kw name="Click Element" library="SeleniumLibrary">
<arg>//button[@class="oxd-button oxd-button--medium oxd-button--main orangehrm-login-button"]</arg>
<doc>Click the element identified by ``locator``.</doc>
<msg timestamp="20221123 17:29:53.333" level="INFO">Clicking element '//button[@class="oxd-button oxd-button--medium oxd-button--main orangehrm-login-button"]'.</msg>
<status status="PASS" starttime="20221123 17:29:53.333" endtime="20221123 17:29:53.444"/>
</kw>
<kw name="Click Element" library="SeleniumLibrary">
<arg>//i[@class="oxd-icon bi-caret-down-fill oxd-userdropdown-icon"]</arg>
<doc>Click the element identified by ``locator``.</doc>
<msg timestamp="20221123 17:29:53.447" level="INFO">Clicking element '//i[@class="oxd-icon bi-caret-down-fill oxd-userdropdown-icon"]'.</msg>
<msg timestamp="20221123 17:29:54.684" level="INFO" html="true">&lt;/td&gt;&lt;/tr&gt;&lt;tr&gt;&lt;td colspan="3"&gt;&lt;a href="selenium-screenshot-6.png"&gt;&lt;img src="selenium-screenshot-6.png" width="800px"&gt;&lt;/a&gt;</msg>
<msg timestamp="20221123 17:29:54.684" level="FAIL">Element with locator '//i[@class="oxd-icon bi-caret-down-fill oxd-userdropdown-icon"]' not found.</msg>
<status status="FAIL" starttime="20221123 17:29:53.445" endtime="20221123 17:29:54.688"/>
</kw>
<kw name="Click Link" library="SeleniumLibrary">
<arg>//a[@href="/web/index.php/auth/logout"]</arg>
<doc>Clicks a link identified by ``locator``.</doc>
<status status="NOT RUN" starttime="20221123 17:29:54.688" endtime="20221123 17:29:54.689"/>
</kw>
<kw name="Close All Browsers" library="SeleniumLibrary">
<doc>Closes all open browsers and resets the browser cache.</doc>
<status status="NOT RUN" starttime="20221123 17:29:54.689" endtime="20221123 17:29:54.690"/>
</kw>
<kw name="Close Browser" library="SeleniumLibrary">
<doc>Closes the current browser.</doc>
<status status="NOT RUN" starttime="20221123 17:29:54.690" endtime="20221123 17:29:54.690"/>
</kw>
<status status="FAIL" starttime="20221123 17:29:45.767" endtime="20221123 17:29:54.691">Element with locator '//i[@class="oxd-icon bi-caret-down-fill oxd-userdropdown-icon"]' not found.</status>
</test>
<doc>A test suite with a single test for OrangeHRM
Created by hats' Robotcorder</doc>
<status status="FAIL" starttime="20221123 17:29:45.347" endtime="20221123 17:29:54.694"/>
</suite>
<statistics>
<total>
<stat pass="0" fail="1" skip="0">All Tests</stat>
</total>
<tag>
</tag>
<suite>
<stat pass="0" fail="1" skip="0" id="s1" name="ScriptrobotcorderDemo">ScriptrobotcorderDemo</stat>
</suite>
</statistics>
<errors>
</errors>
</robot>
