<?xml version="1.0" encoding="UTF-8"?>
<robot generator="Robot 6.0.1 (Python 3.10.7 on win32)" generated="20221118 17:53:58.243" rpa="false" schemaversion="3">
<suite id="s1" name="LoginTest" source="c:\Users\Chafik\Desktop\robotframworkPOM\TestCases\LoginTest.robot">
<test id="s1-t1" name="Login Test" line="10">
<kw name="Ouvrir le navigateur" library="LoginKeywords">
<arg>${url}</arg>
<arg>${navigateur}</arg>
<kw name="Open Browser" library="SeleniumLibrary">
<arg>${url}</arg>
<arg>${browser}</arg>
<doc>Opens a new browser instance to the optional ``url``.</doc>
<msg timestamp="20221118 17:53:59.168" level="INFO">Opening browser 'gc' to base url 'https://opensource-demo.orangehrmlive.com/web/index.php/auth/login'.</msg>
<status status="PASS" starttime="20221118 17:53:59.167" endtime="20221118 17:54:07.414"/>
</kw>
<kw name="Maximize Browser Window" library="SeleniumLibrary">
<doc>Maximizes current browser window.</doc>
<status status="PASS" starttime="20221118 17:54:07.415" endtime="20221118 17:54:07.538"/>
</kw>
<kw name="Sleep" library="BuiltIn">
<arg>3</arg>
<doc>Pauses the test executed for the given time.</doc>
<msg timestamp="20221118 17:54:10.554" level="INFO">Slept 3 seconds</msg>
<status status="PASS" starttime="20221118 17:54:07.538" endtime="20221118 17:54:10.555"/>
</kw>
<status status="PASS" starttime="20221118 17:53:59.167" endtime="20221118 17:54:10.555"/>
</kw>
<kw name="Saisir nom d'utilisateur" library="LoginKeywords">
<arg>${username}</arg>
<kw name="Input Text" library="SeleniumLibrary">
<arg>${txt_loginUserName}</arg>
<arg>${username}</arg>
<doc>Types the given ``text`` into the text field identified by ``locator``.</doc>
<msg timestamp="20221118 17:54:10.563" level="INFO">Typing text 'Admin' into text field 'name:username'.</msg>
<status status="PASS" starttime="20221118 17:54:10.560" endtime="20221118 17:54:10.722"/>
</kw>
<status status="PASS" starttime="20221118 17:54:10.559" endtime="20221118 17:54:10.723"/>
</kw>
<kw name="Saisir le mot de passe" library="LoginKeywords">
<arg>${password}</arg>
<kw name="Input Password" library="SeleniumLibrary">
<arg>${txt_loginPassword}</arg>
<arg>${pass}</arg>
<doc>Types the given password into the text field identified by ``locator``.</doc>
<msg timestamp="20221118 17:54:10.732" level="INFO">Typing password into text field 'name:password'.</msg>
<msg timestamp="20221118 17:54:10.818" level="INFO">Temporally setting log level to: NONE</msg>
<msg timestamp="20221118 17:54:10.928" level="INFO">Log level changed from NONE to INFO.</msg>
<status status="PASS" starttime="20221118 17:54:10.731" endtime="20221118 17:54:10.929"/>
</kw>
<status status="PASS" starttime="20221118 17:54:10.730" endtime="20221118 17:54:10.929"/>
</kw>
<kw name="Cliquer sur le bouton Login" library="LoginKeywords">
<kw name="Click Button" library="SeleniumLibrary">
<arg>${btn_login}</arg>
<doc>Clicks the button identified by ``locator``.</doc>
<msg timestamp="20221118 17:54:10.937" level="INFO">Clicking button 'xpath://button'.</msg>
<status status="PASS" starttime="20221118 17:54:10.935" endtime="20221118 17:54:11.074"/>
</kw>
<status status="PASS" starttime="20221118 17:54:10.934" endtime="20221118 17:54:11.075"/>
</kw>
<kw name="Valider le critére de succés Login" library="LoginKeywords">
<kw name="Title Should Be" library="SeleniumLibrary">
<arg>OrangeHRM</arg>
<doc>Verifies that the current page title equals ``title``.</doc>
<msg timestamp="20221118 17:54:13.208" level="INFO">Page title is 'OrangeHRM'.</msg>
<status status="PASS" starttime="20221118 17:54:11.078" endtime="20221118 17:54:13.209"/>
</kw>
<status status="PASS" starttime="20221118 17:54:11.076" endtime="20221118 17:54:13.209"/>
</kw>
<kw name="Fermer les fenêtres des navigateurs" library="LoginKeywords">
<kw name="Close All Browsers" library="SeleniumLibrary">
<doc>Closes all open browsers and resets the browser cache.</doc>
<status status="PASS" starttime="20221118 17:54:13.214" endtime="20221118 17:54:17.448"/>
</kw>
<status status="PASS" starttime="20221118 17:54:13.214" endtime="20221118 17:54:17.449"/>
</kw>
<status status="PASS" starttime="20221118 17:53:59.164" endtime="20221118 17:54:17.450"/>
</test>
<status status="PASS" starttime="20221118 17:53:58.255" endtime="20221118 17:54:17.453"/>
</suite>
<statistics>
<total>
<stat pass="1" fail="0" skip="0">All Tests</stat>
</total>
<tag>
</tag>
<suite>
<stat pass="1" fail="0" skip="0" id="s1" name="LoginTest">LoginTest</stat>
</suite>
</statistics>
<errors>
</errors>
</robot>
